<?xml version="1.0" encoding="UTF-8"?>
<testng-results ignored="0" total="1" passed="1" failed="0" skipped="0">
  <reporter-output>
  </reporter-output>
  <suite started-at="2023-01-25T12:36:41 IST" name="Default suite" finished-at="2023-01-25T12:36:54 IST" duration-ms="13119">
    <groups>
    </groups>
    <test started-at="2023-01-25T12:36:41 IST" name="Default test" finished-at="2023-01-25T12:36:54 IST" duration-ms="13119">
      <class name="flipKartScenarios.Redmi4gbRAM">
        <test-method signature="redmi4gbRamTest()[pri:0, instance:flipKartScenarios.Redmi4gbRAM@57d7f8ca]" started-at="2023-01-25T12:36:41 IST" name="redmi4gbRamTest" finished-at="2023-01-25T12:36:54 IST" duration-ms="13091" status="PASS">
          <reporter-output>
          </reporter-output>
        </test-method> <!-- redmi4gbRamTest -->
      </class> <!-- flipKartScenarios.Redmi4gbRAM -->
    </test> <!-- Default test -->
  </suite> <!-- Default suite -->
</testng-results>
